<?xml version="1.0" encoding="UTF-8"?>
<!-- Generated by org.testng.reporters.JUnitReportReporter -->
<testsuite hostname="Priyanka" failures="0" tests="1" name="FitpeoAssaignment.FitpeoTest" time="14.953" errors="0" timestamp="2024-08-03T19:59:17 IST" skipped="0">
  <testcase classname="FitpeoAssaignment.FitpeoTest" name="automating" time="14.953"/>
</testsuite> <!-- FitpeoAssaignment.FitpeoTest -->
